<?xml version="1.0" encoding="UTF-8"?>
<!-- Generated by org.testng.reporters.JUnitReportReporter -->
<testsuite hostname="DESKTOP-P9MM3AH" failures="0" tests="1" name="com.GuestUserWith_Checkout_Paypal.tc__GuestUserRandomProductFromPDP_InCheckoutPaypal" time="148.267" errors="0" timestamp="2023-11-03T17:46:20 IST" skipped="0">
  <testcase classname="com.GuestUserWith_Checkout_Paypal.tc__GuestUserRandomProductFromPDP_InCheckoutPaypal" name="GuestUserRandomProductFromPDP_InCheckoutPaypal" time="148.267"/>
  <system-out/>
</testsuite> <!-- com.GuestUserWith_Checkout_Paypal.tc__GuestUserRandomProductFromPDP_InCheckoutPaypal -->
