<?xml version="1.0" encoding="UTF-8"?>
<!-- Generated by org.testng.reporters.JUnitReportReporter -->
<testsuite hostname="DESKTOP-P9MM3AH" failures="0" tests="1" name="com.GuestUserWith_CreditCard.tc__HomePageBannerPLPInCC" time="104.592" errors="0" timestamp="2023-11-03T17:54:31 IST" skipped="0">
  <testcase classname="com.GuestUserWith_CreditCard.tc__HomePageBannerPLPInCC" name="HomePageBannerPLP" time="104.592"/>
  <system-out/>
</testsuite> <!-- com.GuestUserWith_CreditCard.tc__HomePageBannerPLPInCC -->
