<?xml version="1.0" encoding="UTF-8"?>
<!-- Generated by org.testng.reporters.JUnitReportReporter -->
<testsuite hostname="DESKTOP-P9MM3AH" failures="0" tests="1" name="com.eachPagetest.pdppage" time="13.365" errors="0" timestamp="2023-11-03T10:15:40 IST" skipped="0">
  <testcase classname="com.eachPagetest.pdppage" name="testing" time="13.365"/>
  <system-out/>
</testsuite> <!-- com.eachPagetest.pdppage -->
